Transfer [c65b0df4-c671-4e36-a0e9-0061299c6031] [Thu Aug 03 12:02:11 YEKT 2023] [SourceCard:0000000000000000] [CVV:cvv] [Valid:22/22] [DestinationCard:0000000000000000] [Currency:RUR] [Value:10]
Transfer [608e016b-f9ea-4d8c-87ee-92c9bee818d0] [Fri Aug 04 15:26:57 YEKT 2023] [SourceCard:0000000000000000] [CVV:cvv] [Valid:22/22] [DestinationCard:0000000000000000] [Currency:RUR] [Value:10]
Transfer [e93fbe6c-29c4-4268-b661-911bacb4c996] [Fri Aug 04 16:29:18 YEKT 2023] [SourceCard:0000000000000000] [CVV:cvv] [Valid:22/22] [DestinationCard:0000000000000000] [Currency:RUR] [Value:10]
Transfer [51e76e37-3f44-4d1d-a35a-9f41c0356a80] [Fri Aug 04 16:31:34 YEKT 2023] [SourceCard:0000000000000000] [CVV:cvv] [Valid:22/22] [DestinationCard:0000000000000000] [Currency:RUR] [Value:10]
Transfer(date=Fri Aug 04 16:31:34 YEKT 2023, cardFromNumber=0000000000000000, cardFromValidTill=22/22, cardFromCVV=cvv, cardToNumber=0000000000000000, result=, closed=false, amount=Amount(value=10, currency=RUR))Transfer [41a91b43-f554-419c-ac25-812a4f06a3b0] [Fri Aug 04 17:06:02 YEKT 2023] [SourceCard:0000000000000000] [CVV:cvv] [Valid:22/22] [DestinationCard:0000000000000000] [Currency:RUR] [Value:10]
Transfer Result [41a91b43-f554-419c-ac25-812a4f06a3b0] [null]
Transfer [f7e4063e-910f-476f-a124-d119507173fe] [Fri Aug 04 17:08:23 YEKT 2023] [SourceCard:0000000000000000] [CVV:cvv] [Valid:22/22] [DestinationCard:0000000000000000] [Currency:RUR] [Value:10]
Transfer Result [f7e4063e-910f-476f-a124-d119507173fe] [null]
Transfer [b172c245-5371-4f3b-ad14-56f149c0352c] [Fri Aug 04 17:09:42 YEKT 2023] [SourceCard:0000000000000000] [CVV:cvv] [Valid:22/22] [DestinationCard:0000000000000000] [Currency:RUR] [Value:10]
Transfer Result [b172c245-5371-4f3b-ad14-56f149c0352c] [null]
Transfer [c5639bca-7328-44a7-8717-705d4f2d15c5] [Fri Aug 04 17:10:11 YEKT 2023] [SourceCard:0000000000000000] [CVV:cvv] [Valid:22/22] [DestinationCard:0000000000000000] [Currency:RUR] [Value:10]
Transfer Result [c5639bca-7328-44a7-8717-705d4f2d15c5] [null]
Transfer [79149a9f-d514-4b7a-9282-b25a19a3fff1] [Fri Aug 04 17:11:20 YEKT 2023] [SourceCard:0000000000000000] [CVV:cvv] [Valid:22/22] [DestinationCard:0000000000000000] [Currency:RUR] [Value:10]
Transfer Result [79149a9f-d514-4b7a-9282-b25a19a3fff1] [null]
Transfer [d7541272-50ce-42e3-a177-3ba69f9a2462] [Fri Aug 04 17:12:02 YEKT 2023] [SourceCard:0000000000000000] [CVV:cvv] [Valid:22/22] [DestinationCard:0000000000000000] [Currency:RUR] [Value:10]
Transfer Result [d7541272-50ce-42e3-a177-3ba69f9a2462] [null]
Transfer [d2ca0fa1-76b3-4e4e-b1af-979a3e608b9d] [Fri Aug 04 17:14:53 YEKT 2023] [SourceCard:0000000000000000] [CVV:cvv] [Valid:22/22] [DestinationCard:0000000000000000] [Currency:RUR] [Value:10]
Transfer Result [d2ca0fa1-76b3-4e4e-b1af-979a3e608b9d] [null]
Transfer [395b9409-1d61-4681-8a72-c9ea69408c38] [Fri Aug 04 17:18:09 YEKT 2023] [SourceCard:0000000000000000] [CVV:cvv] [Valid:22/22] [DestinationCard:0000000000000000] [Currency:RUR] [Value:10]
Transfer Result [395b9409-1d61-4681-8a72-c9ea69408c38] [null]
Transfer [00cb93ff-ea16-4c7f-95ab-940ac0b7bd09] [Fri Aug 04 17:19:30 YEKT 2023] [SourceCard:0000000000000000] [CVV:cvv] [Valid:22/22] [DestinationCard:0000000000000000] [Currency:RUR] [Value:10]
Transfer Result [00cb93ff-ea16-4c7f-95ab-940ac0b7bd09] [null]
Transfer [4cf9e33d-2f08-4b8e-b984-8ac2eb9dbeec] [Fri Aug 04 17:23:52 YEKT 2023] [SourceCard:0000000000000000] [CVV:cvv] [Valid:22/22] [DestinationCard:0000000000000000] [Currency:RUR] [Value:10]
Transfer Result [4cf9e33d-2f08-4b8e-b984-8ac2eb9dbeec] [null]
Transfer [f89eca3a-20e9-4684-9f26-38339d790d43] [Fri Aug 04 17:56:26 YEKT 2023] [SourceCard:0000000000000000] [CVV:cvv] [Valid:22/22] [DestinationCard:0000000000000000] [Currency:RUR] [Value:10]
Transfer Result [f89eca3a-20e9-4684-9f26-38339d790d43] [Успешная транзакция]
Transfer [4550952f-8557-4c4a-b025-a322090bcbe7] [Fri Aug 04 18:17:19 YEKT 2023] [SourceCard:1111111111111111] [CVV:222] [Valid:11/25] [DestinationCard:2222222222222222] [Currency:RUR] [Value:22222200]
Transfer Result [4550952f-8557-4c4a-b025-a322090bcbe7] [Успешная транзакция]
Transfer [04fda3e6-e991-4910-97da-37272a0294e8] [Fri Aug 04 18:19:22 YEKT 2023] [SourceCard:5555555555555555] [CVV:333] [Valid:11/26] [DestinationCard:3333333333333333] [Currency:RUR] [Value:33333300]
Transfer Result [04fda3e6-e991-4910-97da-37272a0294e8] [Успешная транзакция]
Transfer [6a94536e-e297-4a5a-9fa8-f5ab10180488] [Fri Aug 04 18:20:40 YEKT 2023] [SourceCard:3333333333333333] [CVV:444] [Valid:11/25] [DestinationCard:4444444444444444] [Currency:RUR] [Value:4444400]
Transfer Result [6a94536e-e297-4a5a-9fa8-f5ab10180488] [Успешная транзакция]
Transfer [0f6c5bf9-cc0e-48e0-82e8-2768073eb631] [Fri Aug 04 18:56:18 YEKT 2023] [SourceCard:0000000000000000] [CVV:cvv] [Valid:22/22] [DestinationCard:0000000000000000] [Currency:RUR] [Value:10]
Transfer Result [0f6c5bf9-cc0e-48e0-82e8-2768073eb631] [Успешная транзакция]
